writeCommonTags: couldn't write 'year' tag to 'break_samples/action.wav' as it's not a positive integer
writeCommonTags: couldn't write 'track' tag to 'break_samples/action.wav' as it's not a positive integer
writeCommonTags: couldn't write 'year' tag to 'break_samples/amen_brother.wav' as it's not a positive integer
writeCommonTags: couldn't write 'track' tag to 'break_samples/amen_brother.wav' as it's not a positive integer
writeCommonTags: couldn't write 'year' tag to 'break_samples/apache.wav' as it's not a positive integer
writeCommonTags: couldn't write 'track' tag to 'break_samples/apache.wav' as it's not a positive integer
writeCommonTags: couldn't write 'year' tag to 'break_samples/assembly_line.wav' as it's not a positive integer
writeCommonTags: couldn't write 'track' tag to 'break_samples/assembly_line.wav' as it's not a positive integer
writeCommonTags: couldn't write 'year' tag to 'break_samples/both_eyes_open.wav' as it's not a positive integer
writeCommonTags: couldn't write 'track' tag to 'break_samples/both_eyes_open.wav' as it's not a positive integer
writeCommonTags: couldn't write 'year' tag to 'break_samples/cold_sweat.wav' as it's not a positive integer
writeCommonTags: couldn't write 'track' tag to 'break_samples/cold_sweat.wav' as it's not a positive integer
writeCommonTags: couldn't write 'year' tag to 'break_samples/do_the_do.wav' as it's not a positive integer
writeCommonTags: couldn't write 'track' tag to 'break_samples/do_the_do.wav' as it's not a positive integer
writeCommonTags: couldn't write 'year' tag to 'break_samples/dont_change_your_love.wav' as it's not a positive integer
writeCommonTags: couldn't write 'track' tag to 'break_samples/dont_change_your_love.wav' as it's not a positive integer
writeCommonTags: couldn't write 'year' tag to 'break_samples/flow.wav' as it's not a positive integer
writeCommonTags: couldn't write 'track' tag to 'break_samples/flow.wav' as it's not a positive integer
writeCommonTags: couldn't write 'year' tag to 'break_samples/fools_gold.wav' as it's not a positive integer
writeCommonTags: couldn't write 'track' tag to 'break_samples/fools_gold.wav' as it's not a positive integer
writeCommonTags: couldn't write 'year' tag to 'break_samples/funky_drummer.wav' as it's not a positive integer
writeCommonTags: couldn't write 'track' tag to 'break_samples/funky_drummer.wav' as it's not a positive integer
writeCommonTags: couldn't write 'year' tag to 'break_samples/funky_mule--intro.wav' as it's not a positive integer
writeCommonTags: couldn't write 'track' tag to 'break_samples/funky_mule--intro.wav' as it's not a positive integer
writeCommonTags: couldn't write 'year' tag to 'break_samples/funky_mule--rides.wav' as it's not a positive integer
writeCommonTags: couldn't write 'track' tag to 'break_samples/funky_mule--rides.wav' as it's not a positive integer
writeCommonTags: couldn't write 'year' tag to 'break_samples/give_it_up_or_turnit_a_loose.wav' as it's not a positive integer
writeCommonTags: couldn't write 'track' tag to 'break_samples/give_it_up_or_turnit_a_loose.wav' as it's not a positive integer
writeCommonTags: couldn't write 'year' tag to 'break_samples/god_made_me_funky.wav' as it's not a positive integer
writeCommonTags: couldn't write 'track' tag to 'break_samples/god_made_me_funky.wav' as it's not a positive integer
writeCommonTags: couldn't write 'year' tag to 'break_samples/hot_pants.wav' as it's not a positive integer
writeCommonTags: couldn't write 'track' tag to 'break_samples/hot_pants.wav' as it's not a positive integer
writeCommonTags: couldn't write 'year' tag to 'break_samples/humpty_dump.wav' as it's not a positive integer
writeCommonTags: couldn't write 'track' tag to 'break_samples/humpty_dump.wav' as it's not a positive integer
writeCommonTags: couldn't write 'year' tag to 'break_samples/its_a_new_day.wav' as it's not a positive integer
writeCommonTags: couldn't write 'track' tag to 'break_samples/its_a_new_day.wav' as it's not a positive integer
writeCommonTags: couldn't write 'year' tag to 'break_samples/kick_back.wav' as it's not a positive integer
writeCommonTags: couldn't write 'track' tag to 'break_samples/kick_back.wav' as it's not a positive integer
writeCommonTags: couldn't write 'year' tag to 'break_samples/kool_is_back.wav' as it's not a positive integer
writeCommonTags: couldn't write 'track' tag to 'break_samples/kool_is_back.wav' as it's not a positive integer
writeCommonTags: couldn't write 'year' tag to 'break_samples/let_a_woman_be_a_woman.wav' as it's not a positive integer
writeCommonTags: couldn't write 'track' tag to 'break_samples/let_a_woman_be_a_woman.wav' as it's not a positive integer
writeCommonTags: couldn't write 'year' tag to 'break_samples/life_could.wav' as it's not a positive integer
writeCommonTags: couldn't write 'track' tag to 'break_samples/life_could.wav' as it's not a positive integer
writeCommonTags: couldn't write 'year' tag to 'break_samples/new_orleans.wav' as it's not a positive integer
writeCommonTags: couldn't write 'track' tag to 'break_samples/new_orleans.wav' as it's not a positive integer
writeCommonTags: couldn't write 'year' tag to 'break_samples/nt.wav' as it's not a positive integer
writeCommonTags: couldn't write 'track' tag to 'break_samples/nt.wav' as it's not a positive integer
writeCommonTags: couldn't write 'year' tag to 'break_samples/ode_to_billy_joe.wav' as it's not a positive integer
writeCommonTags: couldn't write 'track' tag to 'break_samples/ode_to_billy_joe.wav' as it's not a positive integer
writeCommonTags: couldn't write 'year' tag to 'break_samples/plastic_jam.wav' as it's not a positive integer
writeCommonTags: couldn't write 'track' tag to 'break_samples/plastic_jam.wav' as it's not a positive integer
writeCommonTags: couldn't write 'year' tag to 'break_samples/put_your_love--end.wav' as it's not a positive integer
writeCommonTags: couldn't write 'track' tag to 'break_samples/put_your_love--end.wav' as it's not a positive integer
writeCommonTags: couldn't write 'year' tag to 'break_samples/put_your_love--middle.wav' as it's not a positive integer
writeCommonTags: couldn't write 'track' tag to 'break_samples/put_your_love--middle.wav' as it's not a positive integer
writeCommonTags: couldn't write 'year' tag to 'break_samples/scorpio.wav' as it's not a positive integer
writeCommonTags: couldn't write 'track' tag to 'break_samples/scorpio.wav' as it's not a positive integer
writeCommonTags: couldn't write 'year' tag to 'break_samples/sesame_street.wav' as it's not a positive integer
writeCommonTags: couldn't write 'track' tag to 'break_samples/sesame_street.wav' as it's not a positive integer
writeCommonTags: couldn't write 'year' tag to 'break_samples/shack_up.wav' as it's not a positive integer
writeCommonTags: couldn't write 'track' tag to 'break_samples/shack_up.wav' as it's not a positive integer
writeCommonTags: couldn't write 'year' tag to 'break_samples/sing_a_simple_song.wav' as it's not a positive integer
writeCommonTags: couldn't write 'track' tag to 'break_samples/sing_a_simple_song.wav' as it's not a positive integer
writeCommonTags: couldn't write 'year' tag to 'break_samples/sneakin_in_the_back.wav' as it's not a positive integer
writeCommonTags: couldn't write 'track' tag to 'break_samples/sneakin_in_the_back.wav' as it's not a positive integer
writeCommonTags: couldn't write 'year' tag to 'break_samples/sniper.wav' as it's not a positive integer
writeCommonTags: couldn't write 'track' tag to 'break_samples/sniper.wav' as it's not a positive integer
writeCommonTags: couldn't write 'year' tag to 'break_samples/soul_beat_runna.wav' as it's not a positive integer
writeCommonTags: couldn't write 'track' tag to 'break_samples/soul_beat_runna.wav' as it's not a positive integer
writeCommonTags: couldn't write 'year' tag to 'break_samples/soul_pride.wav' as it's not a positive integer
writeCommonTags: couldn't write 'track' tag to 'break_samples/soul_pride.wav' as it's not a positive integer
writeCommonTags: couldn't write 'year' tag to 'break_samples/sport.wav' as it's not a positive integer
writeCommonTags: couldn't write 'track' tag to 'break_samples/sport.wav' as it's not a positive integer
writeCommonTags: couldn't write 'year' tag to 'break_samples/sweet_pea.wav' as it's not a positive integer
writeCommonTags: couldn't write 'track' tag to 'break_samples/sweet_pea.wav' as it's not a positive integer
writeCommonTags: couldn't write 'year' tag to 'break_samples/take_me_to_the_mardi_gras.wav' as it's not a positive integer
writeCommonTags: couldn't write 'track' tag to 'break_samples/take_me_to_the_mardi_gras.wav' as it's not a positive integer
writeCommonTags: couldn't write 'year' tag to 'break_samples/think--all5.wav' as it's not a positive integer
writeCommonTags: couldn't write 'track' tag to 'break_samples/think--all5.wav' as it's not a positive integer
writeCommonTags: couldn't write 'year' tag to 'break_samples/tighten_up.wav' as it's not a positive integer
writeCommonTags: couldn't write 'track' tag to 'break_samples/tighten_up.wav' as it's not a positive integer
writeCommonTags: couldn't write 'year' tag to 'break_samples/whole_thing.wav' as it's not a positive integer
writeCommonTags: couldn't write 'track' tag to 'break_samples/whole_thing.wav' as it's not a positive integer
writeCommonTags: couldn't write 'year' tag to 'break_samples/willie_pass_the_water.wav' as it's not a positive integer
writeCommonTags: couldn't write 'track' tag to 'break_samples/willie_pass_the_water.wav' as it's not a positive integer
writeCommonTags: couldn't write 'year' tag to 'break_samples/worm.wav' as it's not a positive integer
writeCommonTags: couldn't write 'track' tag to 'break_samples/worm.wav' as it's not a positive integer
